2025-08-16 14:50:30,271 [INFO] Starting training with args: {'model': 'enhanced', 'difficulty': 'hard', 'seed': 0, 'F': 52, 'T': 32, 'num_classes': 8, 'epochs': 100, 'batch': 768, 'n_samples': 20000, 'early_metric': 'macro_f1', 'patience': 10, 'ckpt_dir': 'checkpoints/', 'logit_l2': 0.0, 'sc_corr_rho': 0.5, 'env_burst_rate': 0.2, 'gain_drift_std': 0.1, 'class_overlap': 0.0, 'temp_mode': 'logspace', 'temp_min': 1.0, 'temp_max': 5.0, 'temp_steps': 100, 'val_split': 0.5, 'fixed_temp': 1.0, 'label_noise_prob': 0.0, 'amp': True, 'save_ckpt': 'final', 'num_workers_override': 0, 'prefetch_factor': 2, 'val_every': 3, 'out_json': 'results_gpu/d2\\paperA_enhanced_hard_s0_cla0p0_env0p2_lab0p0.json'}
2025-08-16 14:50:30,271 [INFO] Logs saved to: results_gpu\d2\paperA_enhanced_hard_s0_cla0p0_env0p2_lab0p0.log
2025-08-16 14:50:30,302 [INFO] Using device: cuda
2025-08-16 14:52:43,167 [INFO] Dataset: Train=14000, Val=3000, Test=3000
2025-08-16 14:52:43,168 [INFO] DataLoader: num_workers=0, pin_memory=True
2025-08-16 14:52:43,295 [INFO] Model: enhanced with 640713 params
2025-08-16 14:52:57,617 [INFO] Best model saved to checkpoints/best_enhanced_0_hard.pth
2025-08-16 14:53:05,707 [INFO] Epoch 3/100 - Val Loss: 0.0000
2025-08-16 14:53:06,229 [INFO] Best model saved to checkpoints/best_enhanced_0_hard.pth
2025-08-16 14:53:13,777 [INFO] Epoch 5/100 - Train Loss: 0.0000, Val Loss: nan, Val macro_f1: 1.0000
2025-08-16 14:53:18,034 [INFO] Epoch 6/100 - Val Loss: 0.0000
2025-08-16 14:53:30,530 [INFO] Epoch 9/100 - Val Loss: 0.0000
2025-08-16 14:53:34,816 [INFO] Epoch 10/100 - Train Loss: 0.0000, Val Loss: nan, Val macro_f1: 1.0000
2025-08-16 14:53:42,828 [INFO] Epoch 12/100 - Val Loss: 0.0000
2025-08-16 14:53:47,102 [INFO] Early stopping at epoch 13
2025-08-16 14:53:47,592 [INFO] Collected test logits and targets
2025-08-16 14:53:47,654 [INFO] Calibration: T=1.0000, Details={'temperature': 1.0, 'best_nll': 4.1635749425950053e-07, 'method': 'logspace'}
2025-08-16 14:53:47,928 [INFO] Saved full results to results_gpu/d2\paperA_enhanced_hard_s0_cla0p0_env0p2_lab0p0.json
2025-08-16 14:53:47,935 [INFO] Final model saved to checkpoints/final_enhanced_0_hard.pth
2025-08-16 14:53:47,936 [INFO] Updated registry: results\registry.csv
