2025-08-16 15:49:13,832 [INFO] Starting training with args: {'model': 'enhanced', 'difficulty': 'hard', 'seed': 0, 'F': 52, 'T': 32, 'num_classes': 8, 'epochs': 100, 'batch': 768, 'n_samples': 20000, 'early_metric': 'macro_f1', 'patience': 10, 'ckpt_dir': 'checkpoints/', 'logit_l2': 0.0, 'sc_corr_rho': 0.5, 'env_burst_rate': 0.0, 'gain_drift_std': 0.1, 'class_overlap': 0.8, 'temp_mode': 'logspace', 'temp_min': 1.0, 'temp_max': 5.0, 'temp_steps': 100, 'val_split': 0.5, 'fixed_temp': 1.0, 'label_noise_prob': 0.1, 'amp': True, 'save_ckpt': 'final', 'num_workers_override': 0, 'prefetch_factor': 2, 'val_every': 3, 'out_json': 'results_gpu/d2\\paperA_enhanced_hard_s0_cla0p8_env0p0_lab0p1.json'}
2025-08-16 15:49:13,832 [INFO] Logs saved to: results_gpu\d2\paperA_enhanced_hard_s0_cla0p8_env0p0_lab0p1.log
2025-08-16 15:49:13,861 [INFO] Using device: cuda
2025-08-16 15:51:13,510 [INFO] Dataset: Train=14000, Val=3000, Test=3000
2025-08-16 15:51:13,511 [INFO] DataLoader: num_workers=0, pin_memory=True
2025-08-16 15:51:13,629 [INFO] Model: enhanced with 640713 params
2025-08-16 15:51:36,165 [INFO] Epoch 3/100 - Val Loss: 0.7061
2025-08-16 15:51:44,204 [INFO] Epoch 5/100 - Train Loss: 0.7024, Val Loss: nan, Val macro_f1: 0.6970
2025-08-16 15:51:48,461 [INFO] Epoch 6/100 - Val Loss: 0.6834
2025-08-16 15:52:00,997 [INFO] Epoch 9/100 - Val Loss: 0.6858
2025-08-16 15:52:05,275 [INFO] Epoch 10/100 - Train Loss: 0.6776, Val Loss: nan, Val macro_f1: 0.7049
2025-08-16 15:52:13,329 [INFO] Epoch 12/100 - Val Loss: 0.6950
2025-08-16 15:52:25,860 [INFO] Epoch 15/100 - Val Loss: 0.6916
2025-08-16 15:52:26,352 [INFO] Epoch 15/100 - Train Loss: 0.6714, Val Loss: 0.6916, Val macro_f1: 0.7134
2025-08-16 15:52:38,196 [INFO] Epoch 18/100 - Val Loss: 0.7061
2025-08-16 15:52:46,274 [INFO] Epoch 20/100 - Train Loss: 0.6590, Val Loss: nan, Val macro_f1: 0.7134
2025-08-16 15:52:50,730 [INFO] Epoch 21/100 - Val Loss: 0.7041
2025-08-16 15:53:03,050 [INFO] Epoch 24/100 - Val Loss: 0.7186
2025-08-16 15:53:07,334 [INFO] Early stopping at epoch 25
2025-08-16 15:53:07,828 [INFO] Collected test logits and targets
2025-08-16 15:53:07,879 [INFO] Calibration: T=1.1389, Details={'temperature': 1.1388916969299316, 'best_nll': 0.7044841051101685, 'method': 'logspace'}
2025-08-16 15:53:08,136 [INFO] Saved full results to results_gpu/d2\paperA_enhanced_hard_s0_cla0p8_env0p0_lab0p1.json
2025-08-16 15:53:08,145 [INFO] Final model saved to checkpoints/final_enhanced_0_hard.pth
2025-08-16 15:53:08,146 [INFO] Updated registry: results\registry.csv
