2025-08-16 15:00:39,402 [INFO] Starting training with args: {'model': 'enhanced', 'difficulty': 'hard', 'seed': 0, 'F': 52, 'T': 32, 'num_classes': 8, 'epochs': 100, 'batch': 768, 'n_samples': 20000, 'early_metric': 'macro_f1', 'patience': 10, 'ckpt_dir': 'checkpoints/', 'logit_l2': 0.0, 'sc_corr_rho': 0.5, 'env_burst_rate': 0.0, 'gain_drift_std': 0.1, 'class_overlap': 0.4, 'temp_mode': 'logspace', 'temp_min': 1.0, 'temp_max': 5.0, 'temp_steps': 100, 'val_split': 0.5, 'fixed_temp': 1.0, 'label_noise_prob': 0.0, 'amp': True, 'save_ckpt': 'final', 'num_workers_override': 0, 'prefetch_factor': 2, 'val_every': 3, 'out_json': 'results_gpu/d2\\paperA_enhanced_hard_s0_cla0p4_env0p0_lab0p0.json'}
2025-08-16 15:00:39,403 [INFO] Logs saved to: results_gpu\d2\paperA_enhanced_hard_s0_cla0p4_env0p0_lab0p0.log
2025-08-16 15:00:39,428 [INFO] Using device: cuda
2025-08-16 15:02:31,225 [INFO] Dataset: Train=14000, Val=3000, Test=3000
2025-08-16 15:02:31,225 [INFO] DataLoader: num_workers=0, pin_memory=True
2025-08-16 15:02:31,342 [INFO] Model: enhanced with 640713 params
2025-08-16 15:02:45,672 [INFO] Best model saved to checkpoints/best_enhanced_0_hard.pth
2025-08-16 15:02:53,804 [INFO] Epoch 3/100 - Val Loss: 0.1993
2025-08-16 15:02:54,329 [INFO] Best model saved to checkpoints/best_enhanced_0_hard.pth
2025-08-16 15:03:01,885 [INFO] Epoch 5/100 - Train Loss: 0.1963, Val Loss: nan, Val macro_f1: 0.9279
2025-08-16 15:03:06,153 [INFO] Epoch 6/100 - Val Loss: 0.2131
2025-08-16 15:03:18,659 [INFO] Epoch 9/100 - Val Loss: 0.2069
2025-08-16 15:03:22,936 [INFO] Epoch 10/100 - Train Loss: 0.1928, Val Loss: nan, Val macro_f1: 0.9279
2025-08-16 15:03:30,982 [INFO] Epoch 12/100 - Val Loss: 0.1966
2025-08-16 15:03:35,259 [INFO] Early stopping at epoch 13
2025-08-16 15:03:35,750 [INFO] Collected test logits and targets
2025-08-16 15:03:35,807 [INFO] Calibration: T=1.0330, Details={'temperature': 1.0330482721328735, 'best_nll': 0.20802095532417297, 'method': 'logspace'}
2025-08-16 15:03:36,090 [INFO] Saved full results to results_gpu/d2\paperA_enhanced_hard_s0_cla0p4_env0p0_lab0p0.json
2025-08-16 15:03:36,096 [INFO] Final model saved to checkpoints/final_enhanced_0_hard.pth
2025-08-16 15:03:36,098 [INFO] Updated registry: results\registry.csv
