2025-08-16 15:28:18,381 [INFO] Starting training with args: {'model': 'enhanced', 'difficulty': 'hard', 'seed': 0, 'F': 52, 'T': 32, 'num_classes': 8, 'epochs': 100, 'batch': 768, 'n_samples': 20000, 'early_metric': 'macro_f1', 'patience': 10, 'ckpt_dir': 'checkpoints/', 'logit_l2': 0.0, 'sc_corr_rho': 0.5, 'env_burst_rate': 0.2, 'gain_drift_std': 0.1, 'class_overlap': 0.4, 'temp_mode': 'logspace', 'temp_min': 1.0, 'temp_max': 5.0, 'temp_steps': 100, 'val_split': 0.5, 'fixed_temp': 1.0, 'label_noise_prob': 0.0, 'amp': True, 'save_ckpt': 'final', 'num_workers_override': 0, 'prefetch_factor': 2, 'val_every': 3, 'resume_from': '', 'save_last_every': 0, 'strict_load': 'true', 'out_json': 'results_gpu/d2\\paperA_enhanced_hard_s0_cla0p4_env0p2_lab0p0.json'}
2025-08-16 15:28:18,382 [INFO] Logs saved to: results_gpu\d2\paperA_enhanced_hard_s0_cla0p4_env0p2_lab0p0.log
2025-08-16 15:28:18,413 [INFO] Using device: cuda
2025-08-16 15:30:38,947 [INFO] Dataset: Train=14000, Val=3000, Test=3000
2025-08-16 15:30:38,948 [INFO] DataLoader: num_workers=0, pin_memory=True
2025-08-16 15:30:39,067 [INFO] Model: enhanced with 640713 params
2025-08-16 15:31:01,159 [INFO] Epoch 3/100 - Val Loss: 0.1803
2025-08-16 15:31:09,259 [INFO] Epoch 5/100 - Train Loss: 0.0310, Val Loss: nan, Val macro_f1: 0.9369
2025-08-16 15:31:13,536 [INFO] Epoch 6/100 - Val Loss: 0.0155
2025-08-16 15:31:26,040 [INFO] Epoch 9/100 - Val Loss: 0.0272
2025-08-16 15:31:30,296 [INFO] Epoch 10/100 - Train Loss: 0.0152, Val Loss: nan, Val macro_f1: 0.9953
2025-08-16 15:31:38,364 [INFO] Epoch 12/100 - Val Loss: 0.0320
2025-08-16 15:31:50,944 [INFO] Epoch 15/100 - Val Loss: 0.0080
2025-08-16 15:31:51,417 [INFO] Epoch 15/100 - Train Loss: 0.0028, Val Loss: 0.0080, Val macro_f1: 0.9980
2025-08-16 15:32:03,268 [INFO] Epoch 18/100 - Val Loss: 0.0206
2025-08-16 15:32:11,326 [INFO] Epoch 20/100 - Train Loss: 0.0041, Val Loss: nan, Val macro_f1: 0.9980
2025-08-16 15:32:15,788 [INFO] Epoch 21/100 - Val Loss: 0.0105
2025-08-16 15:32:28,062 [INFO] Epoch 24/100 - Val Loss: 0.0277
2025-08-16 15:32:32,332 [INFO] Early stopping at epoch 25
2025-08-16 15:32:32,820 [INFO] Collected test logits and targets
2025-08-16 15:32:32,875 [INFO] Calibration: T=1.4300, Details={'temperature': 1.4299691915512085, 'best_nll': 0.01803240366280079, 'method': 'logspace'}
2025-08-16 15:32:33,144 [INFO] Saved full results to results_gpu/d2\paperA_enhanced_hard_s0_cla0p4_env0p2_lab0p0.json
2025-08-16 15:32:33,154 [INFO] Final model saved to checkpoints/final_enhanced_0_hard.pth
2025-08-16 15:32:33,155 [INFO] Updated registry: results\registry.csv
