2025-08-16 15:19:20,120 [INFO] Starting training with args: {'model': 'enhanced', 'difficulty': 'hard', 'seed': 0, 'F': 52, 'T': 32, 'num_classes': 8, 'epochs': 100, 'batch': 768, 'n_samples': 20000, 'early_metric': 'macro_f1', 'patience': 10, 'ckpt_dir': 'checkpoints/', 'logit_l2': 0.0, 'sc_corr_rho': 0.5, 'env_burst_rate': 0.1, 'gain_drift_std': 0.1, 'class_overlap': 0.4, 'temp_mode': 'logspace', 'temp_min': 1.0, 'temp_max': 5.0, 'temp_steps': 100, 'val_split': 0.5, 'fixed_temp': 1.0, 'label_noise_prob': 0.05, 'amp': True, 'save_ckpt': 'final', 'num_workers_override': 0, 'prefetch_factor': 2, 'val_every': 3, 'out_json': 'results_gpu/d2\\paperA_enhanced_hard_s0_cla0p4_env0p1_lab0p05.json'}
2025-08-16 15:19:20,121 [INFO] Logs saved to: results_gpu\d2\paperA_enhanced_hard_s0_cla0p4_env0p1_lab0p05.log
2025-08-16 15:19:20,206 [INFO] Using device: cuda
2025-08-16 15:21:30,307 [INFO] Dataset: Train=14000, Val=3000, Test=3000
2025-08-16 15:21:30,307 [INFO] DataLoader: num_workers=0, pin_memory=True
2025-08-16 15:21:30,429 [INFO] Model: enhanced with 640713 params
2025-08-16 15:21:44,661 [INFO] Best model saved to checkpoints/best_enhanced_0_hard.pth
2025-08-16 15:21:52,816 [INFO] Epoch 3/100 - Val Loss: 0.2536
2025-08-16 15:21:53,352 [INFO] Best model saved to checkpoints/best_enhanced_0_hard.pth
2025-08-16 15:22:00,962 [INFO] Epoch 5/100 - Train Loss: 0.0561, Val Loss: nan, Val macro_f1: 0.8964
2025-08-16 15:22:05,239 [INFO] Epoch 6/100 - Val Loss: 0.0604
2025-08-16 15:22:05,778 [INFO] Best model saved to checkpoints/best_enhanced_0_hard.pth
2025-08-16 15:22:17,792 [INFO] Epoch 9/100 - Val Loss: 0.0475
2025-08-16 15:22:18,324 [INFO] Best model saved to checkpoints/best_enhanced_0_hard.pth
2025-08-16 15:22:22,112 [INFO] Epoch 10/100 - Train Loss: 0.0202, Val Loss: nan, Val macro_f1: 0.9811
2025-08-16 15:22:30,176 [INFO] Epoch 12/100 - Val Loss: 0.0496
2025-08-16 15:22:30,714 [INFO] Best model saved to checkpoints/best_enhanced_0_hard.pth
2025-08-16 15:22:42,714 [INFO] Epoch 15/100 - Val Loss: 0.0417
2025-08-16 15:22:43,247 [INFO] Best model saved to checkpoints/best_enhanced_0_hard.pth
2025-08-16 15:22:43,248 [INFO] Epoch 15/100 - Train Loss: 0.0239, Val Loss: 0.0417, Val macro_f1: 0.9879
2025-08-16 15:22:55,098 [INFO] Epoch 18/100 - Val Loss: 0.0452
2025-08-16 15:23:03,168 [INFO] Epoch 20/100 - Train Loss: 0.0037, Val Loss: nan, Val macro_f1: 0.9879
2025-08-16 15:23:07,649 [INFO] Epoch 21/100 - Val Loss: 0.0410
2025-08-16 15:23:19,986 [INFO] Epoch 24/100 - Val Loss: 0.0571
2025-08-16 15:23:24,270 [INFO] Early stopping at epoch 25
2025-08-16 15:23:24,766 [INFO] Collected test logits and targets
2025-08-16 15:23:24,810 [INFO] Calibration: T=1.4534, Details={'temperature': 1.4534060955047607, 'best_nll': 0.052963484078645706, 'method': 'logspace'}
2025-08-16 15:23:25,100 [INFO] Saved full results to results_gpu/d2\paperA_enhanced_hard_s0_cla0p4_env0p1_lab0p05.json
2025-08-16 15:23:25,106 [INFO] Final model saved to checkpoints/final_enhanced_0_hard.pth
2025-08-16 15:23:25,107 [INFO] Updated registry: results\registry.csv
