2025-08-16 15:06:41,767 [INFO] Starting training with args: {'model': 'enhanced', 'difficulty': 'hard', 'seed': 0, 'F': 52, 'T': 32, 'num_classes': 8, 'epochs': 100, 'batch': 768, 'n_samples': 20000, 'early_metric': 'macro_f1', 'patience': 10, 'ckpt_dir': 'checkpoints/', 'logit_l2': 0.0, 'sc_corr_rho': 0.5, 'env_burst_rate': 0.0, 'gain_drift_std': 0.1, 'class_overlap': 0.4, 'temp_mode': 'logspace', 'temp_min': 1.0, 'temp_max': 5.0, 'temp_steps': 100, 'val_split': 0.5, 'fixed_temp': 1.0, 'label_noise_prob': 0.1, 'amp': True, 'save_ckpt': 'final', 'num_workers_override': 0, 'prefetch_factor': 2, 'val_every': 3, 'out_json': 'results_gpu/d2\\paperA_enhanced_hard_s0_cla0p4_env0p0_lab0p1.json'}
2025-08-16 15:06:41,769 [INFO] Logs saved to: results_gpu\d2\paperA_enhanced_hard_s0_cla0p4_env0p0_lab0p1.log
2025-08-16 15:06:41,794 [INFO] Using device: cuda
2025-08-16 15:08:33,639 [INFO] Dataset: Train=14000, Val=3000, Test=3000
2025-08-16 15:08:33,639 [INFO] DataLoader: num_workers=0, pin_memory=True
2025-08-16 15:08:33,754 [INFO] Model: enhanced with 640713 params
2025-08-16 15:08:48,308 [INFO] Best model saved to checkpoints/best_enhanced_0_hard.pth
2025-08-16 15:08:56,433 [INFO] Epoch 3/100 - Val Loss: 0.2124
2025-08-16 15:08:56,965 [INFO] Best model saved to checkpoints/best_enhanced_0_hard.pth
2025-08-16 15:09:04,557 [INFO] Epoch 5/100 - Train Loss: 0.2074, Val Loss: nan, Val macro_f1: 0.9285
2025-08-16 15:09:08,848 [INFO] Epoch 6/100 - Val Loss: 0.2053
2025-08-16 15:09:21,372 [INFO] Epoch 9/100 - Val Loss: 0.2041
2025-08-16 15:09:21,899 [INFO] Best model saved to checkpoints/best_enhanced_0_hard.pth
2025-08-16 15:09:25,676 [INFO] Epoch 10/100 - Train Loss: 0.2056, Val Loss: nan, Val macro_f1: 0.9307
2025-08-16 15:09:33,752 [INFO] Epoch 12/100 - Val Loss: 0.2051
2025-08-16 15:09:46,243 [INFO] Epoch 15/100 - Val Loss: 0.2094
2025-08-16 15:09:46,737 [INFO] Epoch 15/100 - Train Loss: 0.1905, Val Loss: 0.2094, Val macro_f1: 0.9275
2025-08-16 15:09:58,520 [INFO] Epoch 18/100 - Val Loss: 0.2115
2025-08-16 15:10:02,784 [INFO] Early stopping at epoch 19
2025-08-16 15:10:03,276 [INFO] Collected test logits and targets
2025-08-16 15:10:03,331 [INFO] Calibration: T=1.0330, Details={'temperature': 1.0330482721328735, 'best_nll': 0.20516347885131836, 'method': 'logspace'}
2025-08-16 15:10:03,597 [INFO] Saved full results to results_gpu/d2\paperA_enhanced_hard_s0_cla0p4_env0p0_lab0p1.json
2025-08-16 15:10:03,603 [INFO] Final model saved to checkpoints/final_enhanced_0_hard.pth
2025-08-16 15:10:03,604 [INFO] Updated registry: results\registry.csv
