\BOOKMARK [0][-]{chapter.1}{\376\377\000W\000i\000F\000i\000\040\000C\000S\000I\000\040\000H\000u\000m\000a\000n\000\040\000A\000c\000t\000i\000v\000i\000t\000y\000\040\000R\000e\000c\000o\000g\000n\000i\000t\000i\000o\000n\000:\000\040\000A\000\040\000S\000t\000r\000u\000c\000t\000u\000r\000e\000d\000\040\000R\000e\000v\000i\000e\000w\000\040\000o\000f\000\040\000D\000a\000t\000a\000,\000\040\000M\000e\000t\000h\000o\000d\000s\000,\000\040\000a\000n\000d\000\040\000E\000v\000a\000l\000u\000a\000t\000i\000o\000n}{}% 1
\BOOKMARK [1][-]{section.1.1}{\376\377\000D\000a\000t\000a\000\040\000L\000a\000y\000e\000r\000:\000\040\000U\000n\000i\000f\000i\000e\000d\000\040\000D\000e\000s\000c\000r\000i\000p\000t\000i\000o\000n\000\040\000o\000f\000\040\000P\000u\000b\000l\000i\000c\000\040\000a\000n\000d\000\040\000S\000y\000n\000t\000h\000e\000t\000i\000c\000\040\000S\000o\000u\000r\000c\000e\000s}{chapter.1}% 2
\BOOKMARK [1][-]{section.1.2}{\376\377\000M\000e\000t\000h\000o\000d\000s\000\040\000L\000a\000y\000e\000r\000:\000\040\000F\000r\000o\000m\000\040\000S\000i\000g\000n\000a\000l\000s\000\040\000t\000o\000\040\000R\000e\000p\000r\000e\000s\000e\000n\000t\000a\000t\000i\000o\000n\000s\000\040\000a\000n\000d\000\040\000M\000o\000d\000e\000l\000s}{chapter.1}% 3
\BOOKMARK [1][-]{section.1.3}{\376\377\000E\000v\000a\000l\000u\000a\000t\000i\000o\000n\000\040\000L\000a\000y\000e\000r\000:\000\040\000U\000n\000i\000f\000i\000e\000d\000\040\000T\000a\000s\000k\000s\000,\000\040\000M\000e\000t\000r\000i\000c\000s\000,\000\040\000a\000n\000d\000\040\000P\000r\000o\000t\000o\000c\000o\000l\000s}{chapter.1}% 4
\BOOKMARK [1][-]{section.1.4}{\376\377\000D\000F\000H\000A\000R\000\040\000V\000a\000l\000i\000d\000a\000t\000i\000o\000n\000\040\000a\000n\000d\000\040\000O\000p\000e\000n\000\040\000R\000e\000s\000o\000u\000r\000c\000e\000s}{chapter.1}% 5
\BOOKMARK [1][-]{section.1.5}{\376\377\000G\000a\000p\000s\000\040\000A\000c\000r\000o\000s\000s\000\040\000S\000t\000u\000d\000i\000e\000s\000\040\000a\000n\000d\000\040\000a\000\040\000R\000o\000a\000d\000m\000a\000p}{chapter.1}% 6
\BOOKMARK [1][-]{section.1.6}{\376\377\000S\000u\000m\000m\000a\000r\000y}{chapter.1}% 7
\BOOKMARK [0][-]{chapter.2}{\376\377\000E\000x\000p\000e\000r\000i\000m\000e\000n\000t\000s\000\040\000o\000n\000\040\000P\000h\000y\000s\000i\000c\000s\000-\000G\000u\000i\000d\000e\000d\000\040\000S\000y\000n\000t\000h\000e\000t\000i\000c\000\040\000D\000a\000t\000a\000\040\000G\000e\000n\000e\000r\000a\000t\000i\000o\000n\000\040\000f\000o\000r\000\040\000W\000i\000F\000i\000\040\000C\000S\000I\000\040\000H\000A\000R}{}% 8
\BOOKMARK [1][-]{section.2.1}{\376\377\000O\000v\000e\000r\000v\000i\000e\000w}{chapter.2}% 9
\BOOKMARK [2][-]{subsection.2.1.1}{\376\377\000B\000a\000c\000k\000g\000r\000o\000u\000n\000d\000\040\000a\000n\000d\000\040\000M\000o\000t\000i\000v\000a\000t\000i\000o\000n}{section.2.1}% 10
\BOOKMARK [2][-]{subsection.2.1.2}{\376\377\000O\000b\000j\000e\000c\000t\000i\000v\000e\000s\000\040\000a\000n\000d\000\040\000C\000o\000n\000t\000r\000i\000b\000u\000t\000i\000o\000n\000s}{section.2.1}% 11
\BOOKMARK [1][-]{section.2.2}{\376\377\000E\000x\000p\000e\000r\000i\000m\000e\000n\000t\000a\000l\000\040\000D\000e\000s\000i\000g\000n\000\040\000a\000n\000d\000\040\000M\000e\000t\000h\000o\000d\000o\000l\000o\000g\000y}{chapter.2}% 12
\BOOKMARK [2][-]{subsection.2.2.1}{\376\377\000O\000v\000e\000r\000a\000l\000l\000\040\000E\000x\000p\000e\000r\000i\000m\000e\000n\000t\000a\000l\000\040\000F\000r\000a\000m\000e\000w\000o\000r\000k}{section.2.2}% 13
\BOOKMARK [2][-]{subsection.2.2.2}{\376\377\000P\000h\000y\000s\000i\000c\000s\000-\000G\000u\000i\000d\000e\000d\000\040\000S\000y\000n\000t\000h\000e\000t\000i\000c\000\040\000D\000a\000t\000a\000\040\000G\000e\000n\000e\000r\000a\000t\000i\000o\000n}{section.2.2}% 14
\BOOKMARK [2][-]{subsection.2.2.3}{\376\377\000E\000n\000h\000a\000n\000c\000e\000d\000\040\000M\000o\000d\000e\000l\000\040\000A\000r\000c\000h\000i\000t\000e\000c\000t\000u\000r\000e}{section.2.2}% 15
\BOOKMARK [1][-]{section.2.3}{\376\377\000E\000x\000p\000e\000r\000i\000m\000e\000n\000t\000a\000l\000\040\000P\000r\000o\000t\000o\000c\000o\000l\000s\000\040\000a\000n\000d\000\040\000E\000v\000a\000l\000u\000a\000t\000i\000o\000n}{chapter.2}% 16
\BOOKMARK [2][-]{subsection.2.3.1}{\376\377\000D\0002\000:\000\040\000R\000o\000b\000u\000s\000t\000n\000e\000s\000s\000\040\000V\000a\000l\000i\000d\000a\000t\000i\000o\000n\000\040\000o\000f\000\040\000S\000y\000n\000t\000h\000e\000t\000i\000c\000\040\000D\000a\000t\000a}{section.2.3}% 17
\BOOKMARK [2][-]{subsection.2.3.2}{\376\377\000C\000D\000A\000E\000:\000\040\000C\000r\000o\000s\000s\000-\000D\000o\000m\000a\000i\000n\000\040\000A\000d\000a\000p\000t\000a\000t\000i\000o\000n\000\040\000E\000v\000a\000l\000u\000a\000t\000i\000o\000n}{section.2.3}% 18
\BOOKMARK [2][-]{subsection.2.3.3}{\376\377\000S\000T\000E\000A\000:\000\040\000S\000i\000m\0002\000R\000e\000a\000l\000\040\000T\000r\000a\000n\000s\000f\000e\000r\000\040\000E\000f\000f\000i\000c\000i\000e\000n\000c\000y\000\040\000A\000s\000s\000e\000s\000s\000m\000e\000n\000t}{section.2.3}% 19
\BOOKMARK [1][-]{section.2.4}{\376\377\000C\000o\000r\000e\000\040\000A\000l\000g\000o\000r\000i\000t\000h\000m\000s}{chapter.2}% 20
\BOOKMARK [2][-]{subsection.2.4.1}{\376\377\000S\000y\000n\000t\000h\000e\000t\000i\000c\000\040\000D\000a\000t\000a\000\040\000G\000e\000n\000e\000r\000a\000t\000i\000o\000n\000\040\000A\000l\000g\000o\000r\000i\000t\000h\000m}{section.2.4}% 21
\BOOKMARK [1][-]{section.2.5}{\376\377\000I\000m\000p\000l\000e\000m\000e\000n\000t\000a\000t\000i\000o\000n\000\040\000P\000r\000o\000c\000e\000s\000s}{chapter.2}% 22
\BOOKMARK [2][-]{subsection.2.5.1}{\376\377\000D\000e\000v\000e\000l\000o\000p\000m\000e\000n\000t\000\040\000E\000n\000v\000i\000r\000o\000n\000m\000e\000n\000t\000\040\000a\000n\000d\000\040\000T\000o\000o\000l\000c\000h\000a\000i\000n}{section.2.5}% 23
\BOOKMARK [2][-]{subsection.2.5.2}{\376\377\000E\000x\000e\000c\000u\000t\000i\000o\000n\000\040\000W\000o\000r\000k\000f\000l\000o\000w}{section.2.5}% 24
\BOOKMARK [1][-]{section.2.6}{\376\377\000D\000e\000t\000a\000i\000l\000e\000d\000\040\000E\000x\000p\000e\000r\000i\000m\000e\000n\000t\000a\000l\000\040\000R\000e\000s\000u\000l\000t\000s\000\040\000a\000n\000d\000\040\000A\000n\000a\000l\000y\000s\000i\000s}{chapter.2}% 25
\BOOKMARK [2][-]{subsection.2.6.1}{\376\377\000D\0002\000\040\000P\000r\000o\000t\000o\000c\000o\000l\000:\000\040\000S\000y\000n\000t\000h\000e\000t\000i\000c\000\040\000D\000a\000t\000a\000\040\000V\000a\000l\000i\000d\000a\000t\000i\000o\000n\000\040\000R\000e\000s\000u\000l\000t\000s}{section.2.6}% 26
\BOOKMARK [2][-]{subsection.2.6.2}{\376\377\000C\000D\000A\000E\000\040\000P\000r\000o\000t\000o\000c\000o\000l\000:\000\040\000C\000r\000o\000s\000s\000-\000D\000o\000m\000a\000i\000n\000\040\000G\000e\000n\000e\000r\000a\000l\000i\000z\000a\000t\000i\000o\000n\000\040\000R\000e\000s\000u\000l\000t\000s}{section.2.6}% 27
\BOOKMARK [2][-]{subsection.2.6.3}{\376\377\000S\000T\000E\000A\000\040\000P\000r\000o\000t\000o\000c\000o\000l\000:\000\040\000L\000a\000b\000e\000l\000\040\000E\000f\000f\000i\000c\000i\000e\000n\000c\000y\000\040\000B\000r\000e\000a\000k\000t\000h\000r\000o\000u\000g\000h}{section.2.6}% 28
\BOOKMARK [1][-]{section.2.7}{\376\377\000S\000c\000r\000i\000p\000t\000\040\000a\000n\000d\000\040\000P\000r\000o\000g\000r\000a\000m\000\040\000L\000i\000s\000t}{chapter.2}% 29
\BOOKMARK [2][-]{subsection.2.7.1}{\376\377\000C\000o\000r\000e\000\040\000T\000r\000a\000i\000n\000i\000n\000g\000\040\000S\000c\000r\000i\000p\000t}{section.2.7}% 30
\BOOKMARK [2][-]{subsection.2.7.2}{\376\377\000E\000v\000a\000l\000u\000a\000t\000i\000o\000n\000\040\000M\000e\000t\000r\000i\000c\000s\000\040\000C\000a\000l\000c\000u\000l\000a\000t\000i\000o\000n}{section.2.7}% 31
\BOOKMARK [1][-]{section.2.8}{\376\377\000K\000e\000y\000\040\000T\000e\000c\000h\000n\000o\000l\000o\000g\000i\000c\000a\000l\000\040\000I\000n\000n\000o\000v\000a\000t\000i\000o\000n\000s}{chapter.2}% 32
\BOOKMARK [2][-]{subsection.2.8.1}{\376\377\000P\000h\000y\000s\000i\000c\000s\000-\000C\000o\000n\000s\000t\000r\000a\000i\000n\000e\000d\000\040\000S\000y\000n\000t\000h\000e\000t\000i\000c\000\040\000D\000a\000t\000a\000\040\000G\000e\000n\000e\000r\000a\000t\000i\000o\000n}{section.2.8}% 33
\BOOKMARK [2][-]{subsection.2.8.2}{\376\377\000S\000E\000-\000A\000t\000t\000e\000n\000t\000i\000o\000n\000\040\000I\000n\000t\000e\000g\000r\000a\000t\000i\000o\000n\000\040\000i\000n\000\040\000E\000n\000h\000a\000n\000c\000e\000d\000\040\000A\000r\000c\000h\000i\000t\000e\000c\000t\000u\000r\000e}{section.2.8}% 34
\BOOKMARK [1][-]{section.2.9}{\376\377\000D\000e\000e\000p\000\040\000A\000n\000a\000l\000y\000s\000i\000s\000\040\000o\000f\000\040\000E\000x\000p\000e\000r\000i\000m\000e\000n\000t\000a\000l\000\040\000R\000e\000s\000u\000l\000t\000s}{chapter.2}% 35
\BOOKMARK [2][-]{subsection.2.9.1}{\376\377\000F\000e\000a\000t\000u\000r\000e\000\040\000S\000p\000a\000c\000e\000\040\000A\000n\000a\000l\000y\000s\000i\000s}{section.2.9}% 36
\BOOKMARK [2][-]{subsection.2.9.2}{\376\377\000C\000a\000l\000i\000b\000r\000a\000t\000i\000o\000n\000\040\000A\000n\000a\000l\000y\000s\000i\000s\000\040\000a\000n\000d\000\040\000T\000r\000u\000s\000t\000w\000o\000r\000t\000h\000i\000n\000e\000s\000s\000\040\000A\000s\000s\000e\000s\000s\000m\000e\000n\000t}{section.2.9}% 37
\BOOKMARK [1][-]{section.2.10}{\376\377\000T\000e\000c\000h\000n\000i\000c\000a\000l\000\040\000I\000m\000p\000l\000e\000m\000e\000n\000t\000a\000t\000i\000o\000n\000\040\000D\000e\000t\000a\000i\000l\000s}{chapter.2}% 38
\BOOKMARK [2][-]{subsection.2.10.1}{\376\377\000I\000m\000p\000l\000e\000m\000e\000n\000t\000a\000t\000i\000o\000n\000\040\000o\000f\000\040\000S\000y\000n\000t\000h\000e\000t\000i\000c\000\040\000D\000a\000t\000a\000\040\000G\000e\000n\000e\000r\000a\000t\000o\000r}{section.2.10}% 39
\BOOKMARK [2][-]{subsection.2.10.2}{\376\377\000D\000e\000t\000a\000i\000l\000e\000d\000\040\000I\000m\000p\000l\000e\000m\000e\000n\000t\000a\000t\000i\000o\000n\000\040\000o\000f\000\040\000E\000n\000h\000a\000n\000c\000e\000d\000\040\000M\000o\000d\000e\000l}{section.2.10}% 40
\BOOKMARK [1][-]{section.2.11}{\376\377\000E\000x\000p\000e\000r\000i\000m\000e\000n\000t\000\040\000M\000a\000n\000a\000g\000e\000m\000e\000n\000t\000\040\000a\000n\000d\000\040\000V\000e\000r\000s\000i\000o\000n\000\040\000C\000o\000n\000t\000r\000o\000l}{chapter.2}% 41
\BOOKMARK [2][-]{subsection.2.11.1}{\376\377\000G\000i\000t\000\040\000B\000r\000a\000n\000c\000h\000\040\000M\000a\000n\000a\000g\000e\000m\000e\000n\000t\000\040\000S\000t\000r\000a\000t\000e\000g\000y}{section.2.11}% 42
\BOOKMARK [2][-]{subsection.2.11.2}{\376\377\000E\000x\000p\000e\000r\000i\000m\000e\000n\000t\000\040\000R\000e\000c\000o\000r\000d\000\040\000a\000n\000d\000\040\000R\000e\000p\000r\000o\000d\000u\000c\000i\000b\000i\000l\000i\000t\000y}{section.2.11}% 43
\BOOKMARK [1][-]{section.2.12}{\376\377\000V\000i\000s\000u\000a\000l\000i\000z\000a\000t\000i\000o\000n\000\040\000a\000n\000d\000\040\000A\000n\000a\000l\000y\000s\000i\000s\000\040\000T\000o\000o\000l\000s}{chapter.2}% 44
\BOOKMARK [2][-]{subsection.2.12.1}{\376\377\000C\000o\000m\000p\000r\000e\000h\000e\000n\000s\000i\000v\000e\000\040\000P\000e\000r\000f\000o\000r\000m\000a\000n\000c\000e\000\040\000A\000n\000a\000l\000y\000s\000i\000s\000\040\000C\000h\000a\000r\000t\000s}{section.2.12}% 45
\BOOKMARK [1][-]{section.2.13}{\376\377\000E\000x\000p\000e\000r\000i\000m\000e\000n\000t\000a\000l\000\040\000C\000o\000n\000c\000l\000u\000s\000i\000o\000n\000s\000\040\000a\000n\000d\000\040\000S\000u\000m\000m\000a\000r\000y\000\040\000o\000f\000\040\000C\000o\000n\000t\000r\000i\000b\000u\000t\000i\000o\000n\000s}{chapter.2}% 46
\BOOKMARK [2][-]{subsection.2.13.1}{\376\377\000K\000e\000y\000\040\000E\000x\000p\000e\000r\000i\000m\000e\000n\000t\000a\000l\000\040\000F\000i\000n\000d\000i\000n\000g\000s}{section.2.13}% 47
\BOOKMARK [2][-]{subsection.2.13.2}{\376\377\000T\000e\000c\000h\000n\000i\000c\000a\000l\000\040\000C\000o\000n\000t\000r\000i\000b\000u\000t\000i\000o\000n\000s\000\040\000a\000n\000d\000\040\000I\000n\000n\000o\000v\000a\000t\000i\000o\000n\000s}{section.2.13}% 48
\BOOKMARK [2][-]{subsection.2.13.3}{\376\377\000P\000r\000a\000c\000t\000i\000c\000a\000l\000\040\000A\000p\000p\000l\000i\000c\000a\000t\000i\000o\000n\000\040\000V\000a\000l\000u\000e}{section.2.13}% 49
\BOOKMARK [1][-]{section.2.14}{\376\377\000C\000h\000a\000p\000t\000e\000r\000\040\000S\000u\000m\000m\000a\000r\000y}{chapter.2}% 50
\BOOKMARK [0][-]{appendix.A}{\376\377\000C\000o\000r\000e\000\040\000C\000o\000d\000e\000\040\000L\000i\000s\000t\000i\000n\000g\000s}{}% 51
\BOOKMARK [0][-]{appendix.B}{\376\377\000E\000x\000p\000e\000r\000i\000m\000e\000n\000t\000a\000l\000\040\000S\000e\000t\000t\000i\000n\000g\000s\000\040\000a\000n\000d\000\040\000P\000r\000o\000t\000o\000c\000o\000l\000s}{}% 52
\BOOKMARK [1][-]{section.B.1}{\376\377\000E\000n\000v\000i\000r\000o\000n\000m\000e\000n\000t\000\040\000a\000n\000d\000\040\000H\000a\000r\000d\000w\000a\000r\000e}{appendix.B}% 53
\BOOKMARK [2][-]{subsection.B.1.1}{\376\377\213\241\173\227\163\257\130\203}{section.B.1}% 54
\BOOKMARK [2][-]{subsection.B.1.2}{\376\377\145\160\143\156\165\037\142\020\123\302\145\160}{section.B.1}% 55
\BOOKMARK [1][-]{section.B.2}{\376\377\133\236\232\214\123\117\213\256\213\346\176\306\213\364\146\016}{appendix.B}% 56
\BOOKMARK [2][-]{subsection.B.2.1}{\376\377\000I\000n\000-\000D\000o\000m\000a\000i\000n\000\040\000C\000a\000p\000a\000c\000i\000t\000y\000-\000A\000l\000i\000g\000n\000e\000d\000\040\000V\000a\000l\000i\000d\000a\000t\000i\000o\000n\000\040\000\050\123\237\000D\0001\000\051}{section.B.2}% 57
\BOOKMARK [0][-]{appendix.C}{\376\377\000S\000u\000m\000m\000a\000r\000y\000\040\000o\000f\000\040\000R\000e\000s\000u\000l\000t\000s\000\040\000a\000n\000d\000\040\000R\000e\000p\000r\000o\000d\000u\000c\000i\000b\000i\000l\000i\000t\000y\000\040\000C\000h\000e\000c\000k\000l\000i\000s\000t}{}% 58
\BOOKMARK [1][-]{section.C.1}{\376\377\000M\000a\000i\000n\000\040\000R\000e\000s\000u\000l\000t\000s\000\040\000O\000v\000e\000r\000v\000i\000e\000w}{appendix.C}% 59
\BOOKMARK [1][-]{section.C.2}{\376\377\000R\000e\000p\000r\000o\000d\000u\000c\000i\000b\000i\000l\000i\000t\000y\000\040\000C\000h\000e\000c\000k\000l\000i\000s\000t}{appendix.C}% 60
