\BOOKMARK [0][-]{chapter.1}{\376\377\000W\000i\000F\000i\000\040\000C\000S\000I\000\040\000H\000u\000m\000a\000n\000\040\000A\000c\000t\000i\000v\000i\000t\000y\000\040\000R\000e\000c\000o\000g\000n\000i\000t\000i\000o\000n\000\040\000R\000e\000v\000i\000e\000w\000:\000\040\000B\000e\000n\000c\000h\000m\000a\000r\000k\000i\000n\000g\000\040\000a\000n\000d\000\040\000Q\000u\000a\000n\000t\000i\000t\000a\000t\000i\000v\000e\000\040\000S\000y\000n\000t\000h\000e\000s\000i\000s\000\040\000o\000f\000\040\000D\000a\000t\000a\000,\000\040\000M\000e\000t\000h\000o\000d\000s\000,\000\040\000a\000n\000d\000\040\000E\000v\000a\000l\000u\000a\000t\000i\000o\000n}{}% 1
\BOOKMARK [1][-]{section.1.1}{\376\377\145\160\143\156\134\102\377\032\121\154\137\000\116\016\124\010\142\020\166\204\176\337\116\000\143\317\217\360}{chapter.1}% 2
\BOOKMARK [1][-]{section.1.2}{\376\377\145\271\154\325\134\102\377\032\116\316\117\341\123\367\122\060\210\150\171\072\116\016\152\041\127\213}{chapter.1}% 3
\BOOKMARK [1][-]{section.1.3}{\376\377\213\304\155\113\134\102\377\032\176\337\116\000\116\373\122\241\060\001\143\007\150\007\116\016\123\117\213\256}{chapter.1}% 4
\BOOKMARK [1][-]{section.1.4}{\376\377\000D\000F\000H\000A\000R\000\040\133\236\232\214\232\214\213\301\116\016\137\000\156\220\215\104\156\220}{chapter.1}% 5
\BOOKMARK [1][-]{section.1.5}{\376\377\215\350\170\024\172\166\135\356\215\335\116\016\215\357\176\277\126\376}{chapter.1}% 6
\BOOKMARK [1][-]{section.1.6}{\376\377\134\017\176\323}{chapter.1}% 7
\BOOKMARK [0][-]{appendix.A}{\376\377\133\236\232\214\213\346\176\306\213\276\177\156\116\016\123\117\213\256}{}% 8
\BOOKMARK [1][-]{section.A.1}{\376\377\133\236\232\214\163\257\130\203\116\016\170\154\116\366\221\115\177\156}{appendix.A}% 9
\BOOKMARK [2][-]{subsection.A.1.1}{\376\377\213\241\173\227\163\257\130\203}{section.A.1}% 10
\BOOKMARK [2][-]{subsection.A.1.2}{\376\377\145\160\143\156\165\037\142\020\123\302\145\160}{section.A.1}% 11
\BOOKMARK [1][-]{section.A.2}{\376\377\133\236\232\214\123\117\213\256\213\346\176\306\213\364\146\016}{appendix.A}% 12
\BOOKMARK [2][-]{subsection.A.2.1}{\376\377\000I\000n\000-\000D\000o\000m\000a\000i\000n\000\040\000C\000a\000p\000a\000c\000i\000t\000y\000-\000A\000l\000i\000g\000n\000e\000d\000\040\000V\000a\000l\000i\000d\000a\000t\000i\000o\000n\000\040\000\050\123\237\000D\0001\000\051}{section.A.2}% 13
\BOOKMARK [2][-]{subsection.A.2.2}{\376\377\000S\000y\000n\000t\000h\000e\000t\000i\000c\000\040\000R\000o\000b\000u\000s\000t\000n\000e\000s\000s\000\040\000V\000a\000l\000i\000d\000a\000t\000i\000o\000n\000\040\000\050\000S\000R\000D\000,\000\040\123\237\000D\0002\000\051}{section.A.2}% 14
\BOOKMARK [2][-]{subsection.A.2.3}{\376\377\000C\000r\000o\000s\000s\000-\000D\000o\000m\000a\000i\000n\000\040\000A\000d\000a\000p\000t\000a\000t\000i\000o\000n\000\040\000E\000v\000a\000l\000u\000a\000t\000i\000o\000n\000\040\000\050\000C\000D\000A\000E\000\051}{section.A.2}% 15
\BOOKMARK [2][-]{subsection.A.2.4}{\376\377\000S\000i\000m\0002\000R\000e\000a\000l\000\040\000T\000r\000a\000n\000s\000f\000e\000r\000\040\000E\000f\000f\000i\000c\000i\000e\000n\000c\000y\000\040\000A\000s\000s\000e\000s\000s\000m\000e\000n\000t\000\040\000\050\000S\000T\000E\000A\000\051}{section.A.2}% 16
\BOOKMARK [1][-]{section.A.3}{\376\377\152\041\127\213\147\266\147\204\213\346\176\306\213\364\146\016}{appendix.A}% 17
\BOOKMARK [2][-]{subsection.A.3.1}{\376\377\000E\000n\000h\000a\000n\000c\000e\000d\000\040\000M\000o\000d\000e\000l}{section.A.3}% 18
\BOOKMARK [2][-]{subsection.A.3.2}{\376\377\127\372\176\277\152\041\127\213}{section.A.3}% 19
\BOOKMARK [1][-]{section.A.4}{\376\377\213\255\176\303\117\030\123\026\173\126\165\145}{appendix.A}% 20
\BOOKMARK [2][-]{subsection.A.4.1}{\376\377\145\160\143\156\122\240\217\175\117\030\123\026}{section.A.4}% 21
\BOOKMARK [2][-]{subsection.A.4.2}{\376\377\213\255\176\303\122\240\220\037}{section.A.4}% 22
\BOOKMARK [2][-]{subsection.A.4.3}{\376\377\153\143\122\031\123\026\142\200\147\057}{section.A.4}% 23
\BOOKMARK [1][-]{section.A.5}{\376\377\213\304\117\060\116\016\232\214\213\301\155\101\172\013}{appendix.A}% 24
\BOOKMARK [2][-]{subsection.A.5.1}{\376\377\116\244\123\311\232\214\213\301}{section.A.5}% 25
\BOOKMARK [2][-]{subsection.A.5.2}{\376\377\152\041\127\213\150\041\121\306}{section.A.5}% 26
\BOOKMARK [2][-]{subsection.A.5.3}{\376\377\176\323\147\234\232\214\213\301}{section.A.5}% 27
\BOOKMARK [1][-]{section.A.6}{\376\377\133\236\232\214\201\352\122\250\123\026\116\016\123\357\221\315\163\260\140\047}{appendix.A}% 28
\BOOKMARK [2][-]{subsection.A.6.1}{\376\377\133\236\232\214\173\241\164\006}{section.A.6}% 29
\BOOKMARK [2][-]{subsection.A.6.2}{\376\377\123\357\221\315\163\260\140\047\117\335\226\234}{section.A.6}% 30
\BOOKMARK [2][-]{subsection.A.6.3}{\376\377\215\050\221\317\117\335\213\301}{section.A.6}% 31
\BOOKMARK [0][-]{appendix.B}{\376\377\133\236\232\214\176\323\147\234\154\107\140\073\210\150}{}% 32
